2022-08-25 21:11:47 0 [Note] InnoDB: The first data file './ibdata1' did not exist. A new tablespace will be created!
2022-08-25 21:11:47 0 [Note] InnoDB: Compressed tables use zlib 1.2.11
2022-08-25 21:11:47 0 [Note] InnoDB: Number of transaction pools: 1
2022-08-25 21:11:47 0 [Note] InnoDB: Using crc32 + pclmulqdq instructions
2022-08-25 21:11:47 0 [Note] InnoDB: Initializing buffer pool, total size = 20.000MiB, chunk size = 1.000MiB
2022-08-25 21:11:47 0 [Note] InnoDB: Completed initialization of buffer pool
2022-08-25 21:11:47 0 [Note] InnoDB: Setting file './ibdata1' size to 12.000MiB. Physically writing the file full; Please wait ...
2022-08-25 21:11:47 0 [Note] InnoDB: File './ibdata1' size is now 12.000MiB.
2022-08-25 21:11:47 0 [Note] InnoDB: File system buffers for log disabled (block size=512 bytes)
2022-08-25 21:11:47 0 [Note] InnoDB: Doublewrite buffer not found: creating new
2022-08-25 21:11:47 0 [Note] InnoDB: 128 rollback segments are active.
2022-08-25 21:11:47 0 [Note] InnoDB: Setting file './ibtmp1' size to 12.000MiB. Physically writing the file full; Please wait ...
2022-08-25 21:11:47 0 [Note] InnoDB: File './ibtmp1' size is now 12.000MiB.
2022-08-25 21:11:47 0 [Note] InnoDB: log sequence number 0; transaction id 3
2022-08-25 21:11:47 0 [Note] Plugin 'FEEDBACK' is disabled.
2022-08-25 21:11:51 0 [Note] InnoDB: Compressed tables use zlib 1.2.11
2022-08-25 21:11:51 0 [Note] InnoDB: Number of transaction pools: 1
2022-08-25 21:11:51 0 [Note] InnoDB: Using crc32 + pclmulqdq instructions
2022-08-25 21:11:51 0 [Note] InnoDB: Initializing buffer pool, total size = 128.000MiB, chunk size = 2.000MiB
2022-08-25 21:11:51 0 [Note] InnoDB: Completed initialization of buffer pool
2022-08-25 21:11:51 0 [Note] InnoDB: File system buffers for log disabled (block size=512 bytes)
2022-08-25 21:11:51 0 [Note] InnoDB: 128 rollback segments are active.
2022-08-25 21:11:51 0 [Note] InnoDB: Setting file './ibtmp1' size to 12.000MiB. Physically writing the file full; Please wait ...
2022-08-25 21:11:51 0 [Note] InnoDB: File './ibtmp1' size is now 12.000MiB.
2022-08-25 21:11:51 0 [Note] InnoDB: log sequence number 45505; transaction id 14
2022-08-25 21:11:51 0 [Note] Plugin 'FEEDBACK' is disabled.
2022-08-25 21:11:51 0 [Note] InnoDB: Loading buffer pool(s) from C:\Users\Ахмед\Desktop\code\app3\lineage2ServerLauncher\lineage2ServerLauncher\bin\Debug\mariadb\data\ib_buffer_pool
2022-08-25 21:11:51 0 [Note] Server socket created on IP: '::'.
2022-08-25 21:11:51 0 [Note] Server socket created on IP: '0.0.0.0'.
2022-08-25 21:11:51 0 [Note] InnoDB: Buffer pool(s) load completed at 220825 21:11:51
2022-08-25 21:11:51 0 [Note] C:\Users\Ахмед\Desktop\code\app3\lineage2ServerLauncher\lineage2ServerLauncher\bin\Debug\mariadb\bin\mysqld.exe: ready for connections.
Version: '10.9.1-MariaDB'  socket: ''  port: 3306  mariadb.org binary distribution
